

Started GET "/" for 127.0.0.1 at 2014-03-22 12:40:07 -0300

ActiveRecord::PendingMigrationError (Migrations are pending; run 'bin/rake db:migrate RAILS_ENV=development' to resolve this issue.):
  activerecord (4.0.3) lib/active_record/migration.rb:379:in `check_pending!'
  activerecord (4.0.3) lib/active_record/migration.rb:366:in `call'
  actionpack (4.0.3) lib/action_dispatch/middleware/callbacks.rb:29:in `block in call'
  activesupport (4.0.3) lib/active_support/callbacks.rb:373:in `_run__3478532452705908733__call__callbacks'
  activesupport (4.0.3) lib/active_support/callbacks.rb:80:in `run_callbacks'
  actionpack (4.0.3) lib/action_dispatch/middleware/callbacks.rb:27:in `call'
  actionpack (4.0.3) lib/action_dispatch/middleware/reloader.rb:64:in `call'
  actionpack (4.0.3) lib/action_dispatch/middleware/remote_ip.rb:76:in `call'
  actionpack (4.0.3) lib/action_dispatch/middleware/debug_exceptions.rb:17:in `call'
  actionpack (4.0.3) lib/action_dispatch/middleware/show_exceptions.rb:30:in `call'
  railties (4.0.3) lib/rails/rack/logger.rb:38:in `call_app'
  railties (4.0.3) lib/rails/rack/logger.rb:20:in `block in call'
  activesupport (4.0.3) lib/active_support/tagged_logging.rb:67:in `block in tagged'
  activesupport (4.0.3) lib/active_support/tagged_logging.rb:25:in `tagged'
  activesupport (4.0.3) lib/active_support/tagged_logging.rb:67:in `tagged'
  railties (4.0.3) lib/rails/rack/logger.rb:20:in `call'
  actionpack (4.0.3) lib/action_dispatch/middleware/request_id.rb:21:in `call'
  rack (1.5.2) lib/rack/methodoverride.rb:21:in `call'
  rack (1.5.2) lib/rack/runtime.rb:17:in `call'
  activesupport (4.0.3) lib/active_support/cache/strategy/local_cache.rb:83:in `call'
  rack (1.5.2) lib/rack/lock.rb:17:in `call'
  actionpack (4.0.3) lib/action_dispatch/middleware/static.rb:64:in `call'
  rack (1.5.2) lib/rack/sendfile.rb:112:in `call'
  railties (4.0.3) lib/rails/engine.rb:511:in `call'
  railties (4.0.3) lib/rails/application.rb:97:in `call'
  rack (1.5.2) lib/rack/lock.rb:17:in `call'
  rack (1.5.2) lib/rack/content_length.rb:14:in `call'
  railties (4.0.3) lib/rails/rack/debugger.rb:20:in `call'
  rack (1.5.2) lib/rack/handler/webrick.rb:60:in `service'
  /Users/diego/.rvm/rubies/ruby-1.9.3-p125/lib/ruby/1.9.1/webrick/httpserver.rb:138:in `service'
  /Users/diego/.rvm/rubies/ruby-1.9.3-p125/lib/ruby/1.9.1/webrick/httpserver.rb:94:in `run'
  /Users/diego/.rvm/rubies/ruby-1.9.3-p125/lib/ruby/1.9.1/webrick/server.rb:191:in `block in start_thread'


  Rendered /Users/diego/.rvm/gems/ruby-1.9.3-p125/gems/actionpack-4.0.3/lib/action_dispatch/middleware/templates/rescues/_source.erb (0.8ms)
  Rendered /Users/diego/.rvm/gems/ruby-1.9.3-p125/gems/actionpack-4.0.3/lib/action_dispatch/middleware/templates/rescues/_trace.erb (1.4ms)
  Rendered /Users/diego/.rvm/gems/ruby-1.9.3-p125/gems/actionpack-4.0.3/lib/action_dispatch/middleware/templates/rescues/_request_and_response.erb (1.2ms)
  Rendered /Users/diego/.rvm/gems/ruby-1.9.3-p125/gems/actionpack-4.0.3/lib/action_dispatch/middleware/templates/rescues/diagnostics.erb within rescues/layout (22.2ms)
  [1m[36m (1.1ms)[0m  [1mCREATE TABLE "schema_migrations" ("version" varchar(255) NOT NULL) [0m
  [1m[35m (0.9ms)[0m  CREATE UNIQUE INDEX "unique_schema_migrations" ON "schema_migrations" ("version")
  [1m[36mActiveRecord::SchemaMigration Load (0.1ms)[0m  [1mSELECT "schema_migrations".* FROM "schema_migrations"[0m
Migrating to CreateProductos (20140322153638)
  [1m[35m (0.1ms)[0m  begin transaction
  [1m[36m (0.5ms)[0m  [1mCREATE TABLE "productos" ("id" INTEGER PRIMARY KEY AUTOINCREMENT NOT NULL, "created_at" datetime, "updated_at" datetime) [0m
  [1m[35mSQL (0.4ms)[0m  INSERT INTO "schema_migrations" ("version") VALUES (?)  [["version", "20140322153638"]]
  [1m[36m (1.2ms)[0m  [1mcommit transaction[0m
  [1m[35mActiveRecord::SchemaMigration Load (0.1ms)[0m  SELECT "schema_migrations".* FROM "schema_migrations"


Started GET "/" for 127.0.0.1 at 2014-03-22 12:40:44 -0300
  [1m[36mActiveRecord::SchemaMigration Load (0.2ms)[0m  [1mSELECT "schema_migrations".* FROM "schema_migrations"[0m
Processing by PublicController#index as HTML
  Rendered public/index.html.erb within layouts/application (1.8ms)
Completed 200 OK in 950ms (Views: 925.9ms | ActiveRecord: 0.0ms)


Started GET "/assets/application.css?body=1" for 127.0.0.1 at 2014-03-22 12:40:46 -0300


Started GET "/assets/public.css?body=1" for 127.0.0.1 at 2014-03-22 12:40:46 -0300


Started GET "/assets/turbolinks.js?body=1" for 127.0.0.1 at 2014-03-22 12:40:46 -0300


Started GET "/assets/jquery.js?body=1" for 127.0.0.1 at 2014-03-22 12:40:46 -0300


Started GET "/assets/jquery_ujs.js?body=1" for 127.0.0.1 at 2014-03-22 12:40:46 -0300


Started GET "/assets/application.js?body=1" for 127.0.0.1 at 2014-03-22 12:40:46 -0300


Started GET "/assets/public.js?body=1" for 127.0.0.1 at 2014-03-22 12:40:46 -0300


Started GET "/" for 127.0.0.1 at 2014-03-22 12:42:50 -0300
Processing by PublicController#index as HTML
  Rendered public/index.html.erb within layouts/application (1.5ms)
Completed 200 OK in 41ms (Views: 16.4ms | ActiveRecord: 0.0ms)


Started GET "/assets/application.css?body=1" for 127.0.0.1 at 2014-03-22 12:42:50 -0300


Started GET "/assets/jquery.js?body=1" for 127.0.0.1 at 2014-03-22 12:42:50 -0300


Started GET "/assets/jquery_ujs.js?body=1" for 127.0.0.1 at 2014-03-22 12:42:50 -0300


Started GET "/assets/public.css?body=1" for 127.0.0.1 at 2014-03-22 12:42:50 -0300


Started GET "/assets/turbolinks.js?body=1" for 127.0.0.1 at 2014-03-22 12:42:50 -0300


Started GET "/assets/public.js?body=1" for 127.0.0.1 at 2014-03-22 12:42:50 -0300


Started GET "/assets/application.js?body=1" for 127.0.0.1 at 2014-03-22 12:42:50 -0300
  [1m[36mActiveRecord::SchemaMigration Load (0.4ms)[0m  [1mSELECT "schema_migrations".* FROM "schema_migrations"[0m
Migrating to CreateCategoria (20140322205138)
  [1m[35m (0.1ms)[0m  begin transaction
  [1m[36m (0.4ms)[0m  [1mCREATE TABLE "categoria" ("id" INTEGER PRIMARY KEY AUTOINCREMENT NOT NULL, "created_at" datetime, "updated_at" datetime) [0m
  [1m[35mSQL (0.3ms)[0m  INSERT INTO "schema_migrations" ("version") VALUES (?)  [["version", "20140322205138"]]
  [1m[36m (13.2ms)[0m  [1mcommit transaction[0m
  [1m[35mActiveRecord::SchemaMigration Load (0.1ms)[0m  SELECT "schema_migrations".* FROM "schema_migrations"
  [1m[36mActiveRecord::SchemaMigration Load (0.1ms)[0m  [1mSELECT "schema_migrations".* FROM "schema_migrations"[0m
Migrating to AddcolumnsToCategoria (20140322210224)
  [1m[35m (0.1ms)[0m  begin transaction
  [1m[36m (32.3ms)[0m  [1mALTER TABLE "categoria" ADD "nombre" varchar(255)[0m
  [1m[35mSQL (0.3ms)[0m  INSERT INTO "schema_migrations" ("version") VALUES (?)  [["version", "20140322210224"]]
  [1m[36m (1.1ms)[0m  [1mcommit transaction[0m
  [1m[35mActiveRecord::SchemaMigration Load (0.1ms)[0m  SELECT "schema_migrations".* FROM "schema_migrations"
  [1m[36m (0.1ms)[0m  [1mbegin transaction[0m
  [1m[35mSQL (36.3ms)[0m  INSERT INTO "categoria" ("created_at", "nombre", "updated_at") VALUES (?, ?, ?)  [["created_at", Sat, 22 Mar 2014 21:21:08 UTC +00:00], ["nombre", "café"], ["updated_at", Sat, 22 Mar 2014 21:21:08 UTC +00:00]]
  [1m[36m (1.1ms)[0m  [1mcommit transaction[0m
  [1m[35m (0.1ms)[0m  begin transaction
  [1m[36mSQL (0.3ms)[0m  [1mINSERT INTO "categoria" ("created_at", "nombre", "updated_at") VALUES (?, ?, ?)[0m  [["created_at", Sat, 22 Mar 2014 21:21:08 UTC +00:00], ["nombre", "cereales para el desayuno"], ["updated_at", Sat, 22 Mar 2014 21:21:08 UTC +00:00]]
  [1m[35m (0.9ms)[0m  commit transaction
  [1m[36m (0.1ms)[0m  [1mbegin transaction[0m
  [1m[35mSQL (0.3ms)[0m  INSERT INTO "categoria" ("created_at", "nombre", "updated_at") VALUES (?, ?, ?)  [["created_at", Sat, 22 Mar 2014 21:21:08 UTC +00:00], ["nombre", "chocolates"], ["updated_at", Sat, 22 Mar 2014 21:21:08 UTC +00:00]]
  [1m[36m (1.0ms)[0m  [1mcommit transaction[0m
  [1m[35m (0.1ms)[0m  begin transaction
  [1m[36mSQL (0.3ms)[0m  [1mINSERT INTO "categoria" ("created_at", "nombre", "updated_at") VALUES (?, ?, ?)[0m  [["created_at", Sat, 22 Mar 2014 21:21:08 UTC +00:00], ["nombre", "culinarios"], ["updated_at", Sat, 22 Mar 2014 21:21:08 UTC +00:00]]
  [1m[35m (1.0ms)[0m  commit transaction
  [1m[36m (0.1ms)[0m  [1mbegin transaction[0m
  [1m[35mSQL (0.3ms)[0m  INSERT INTO "categoria" ("created_at", "nombre", "updated_at") VALUES (?, ?, ?)  [["created_at", Sat, 22 Mar 2014 21:21:08 UTC +00:00], ["nombre", "galletas"], ["updated_at", Sat, 22 Mar 2014 21:21:08 UTC +00:00]]
  [1m[36m (0.8ms)[0m  [1mcommit transaction[0m
  [1m[35m (0.1ms)[0m  begin transaction
  [1m[36mSQL (0.3ms)[0m  [1mINSERT INTO "categoria" ("created_at", "nombre", "updated_at") VALUES (?, ?, ?)[0m  [["created_at", Sat, 22 Mar 2014 21:21:08 UTC +00:00], ["nombre", "helados"], ["updated_at", Sat, 22 Mar 2014 21:21:08 UTC +00:00]]
  [1m[35m (0.9ms)[0m  commit transaction
  [1m[36m (0.1ms)[0m  [1mbegin transaction[0m
  [1m[35mSQL (0.3ms)[0m  INSERT INTO "categoria" ("created_at", "nombre", "updated_at") VALUES (?, ?, ?)  [["created_at", Sat, 22 Mar 2014 21:21:08 UTC +00:00], ["nombre", "lácteos"], ["updated_at", Sat, 22 Mar 2014 21:21:08 UTC +00:00]]
  [1m[36m (1.0ms)[0m  [1mcommit transaction[0m
  [1m[35m (0.1ms)[0m  begin transaction
  [1m[36mSQL (0.3ms)[0m  [1mINSERT INTO "categoria" ("created_at", "nombre", "updated_at") VALUES (?, ?, ?)[0m  [["created_at", Sat, 22 Mar 2014 21:21:08 UTC +00:00], ["nombre", "lácteos refrigerados"], ["updated_at", Sat, 22 Mar 2014 21:21:08 UTC +00:00]]
  [1m[35m (0.9ms)[0m  commit transaction
  [1m[36m (0.1ms)[0m  [1mbegin transaction[0m
  [1m[35mSQL (0.3ms)[0m  INSERT INTO "categoria" ("created_at", "nombre", "updated_at") VALUES (?, ?, ?)  [["created_at", Sat, 22 Mar 2014 21:21:08 UTC +00:00], ["nombre", "Nutrición Infantil"], ["updated_at", Sat, 22 Mar 2014 21:21:08 UTC +00:00]]
  [1m[36m (3.3ms)[0m  [1mcommit transaction[0m
  [1m[35m (0.1ms)[0m  begin transaction
  [1m[36mSQL (0.3ms)[0m  [1mINSERT INTO "categoria" ("created_at", "nombre", "updated_at") VALUES (?, ?, ?)[0m  [["created_at", Sat, 22 Mar 2014 21:21:08 UTC +00:00], ["nombre", "polvo de hornear"], ["updated_at", Sat, 22 Mar 2014 21:21:08 UTC +00:00]]
  [1m[35m (1.0ms)[0m  commit transaction
  [1m[36m (0.1ms)[0m  [1mbegin transaction[0m
  [1m[35mSQL (0.3ms)[0m  INSERT INTO "categoria" ("created_at", "nombre", "updated_at") VALUES (?, ?, ?)  [["created_at", Sat, 22 Mar 2014 21:21:08 UTC +00:00], ["nombre", "Saborizantes"], ["updated_at", Sat, 22 Mar 2014 21:21:08 UTC +00:00]]
  [1m[36m (1.0ms)[0m  [1mcommit transaction[0m


Started GET "/" for 127.0.0.1 at 2014-03-22 18:25:47 -0300
  [1m[36mActiveRecord::SchemaMigration Load (0.2ms)[0m  [1mSELECT "schema_migrations".* FROM "schema_migrations"[0m
Processing by PublicController#index as HTML
Completed 500 Internal Server Error in 32ms

NameError (uninitialized constant PublicController::Categorias):
  app/controllers/public_controller.rb:3:in `index'


  Rendered /Users/diego/.rvm/gems/ruby-1.9.3-p125/gems/actionpack-4.0.3/lib/action_dispatch/middleware/templates/rescues/_source.erb (1.3ms)
  Rendered /Users/diego/.rvm/gems/ruby-1.9.3-p125/gems/actionpack-4.0.3/lib/action_dispatch/middleware/templates/rescues/_trace.erb (1.7ms)
  Rendered /Users/diego/.rvm/gems/ruby-1.9.3-p125/gems/actionpack-4.0.3/lib/action_dispatch/middleware/templates/rescues/_request_and_response.erb (1.3ms)
  Rendered /Users/diego/.rvm/gems/ruby-1.9.3-p125/gems/actionpack-4.0.3/lib/action_dispatch/middleware/templates/rescues/diagnostics.erb within rescues/layout (24.2ms)


Started GET "/" for 127.0.0.1 at 2014-03-22 18:26:01 -0300
Processing by PublicController#index as HTML
  [1m[35mCategoria Load (0.6ms)[0m  SELECT "categoria".* FROM "categoria"
  Rendered public/index.html.erb within layouts/application (56.3ms)
Completed 500 Internal Server Error in 64ms

ActionView::Template::Error (undefined local variable or method `categorias' for #<#<Class:0x007f863e1629e0>:0x007f863e161a40>):
    4: <h3>Categorías</h3>
    5: 
    6: <% @categorias.each do |categoria| %>
    7: 	<h4><%= categorias %></h4>>
    8: <% end %>
  app/views/public/index.html.erb:7:in `block in _app_views_public_index_html_erb___2478570941026487118_70107272003360'
  app/views/public/index.html.erb:6:in `_app_views_public_index_html_erb___2478570941026487118_70107272003360'


  Rendered /Users/diego/.rvm/gems/ruby-1.9.3-p125/gems/actionpack-4.0.3/lib/action_dispatch/middleware/templates/rescues/_trace.erb (1.6ms)
  Rendered /Users/diego/.rvm/gems/ruby-1.9.3-p125/gems/actionpack-4.0.3/lib/action_dispatch/middleware/templates/rescues/_request_and_response.erb (1.7ms)
  Rendered /Users/diego/.rvm/gems/ruby-1.9.3-p125/gems/actionpack-4.0.3/lib/action_dispatch/middleware/templates/rescues/template_error.erb within rescues/layout (14.1ms)


Started GET "/" for 127.0.0.1 at 2014-03-22 18:26:02 -0300
Processing by PublicController#index as HTML
  [1m[36mCategoria Load (0.2ms)[0m  [1mSELECT "categoria".* FROM "categoria"[0m
  Rendered public/index.html.erb within layouts/application (16.4ms)
Completed 500 Internal Server Error in 20ms

ActionView::Template::Error (undefined local variable or method `categorias' for #<#<Class:0x007f863e1629e0>:0x007f863e0f8a90>):
    4: <h3>Categorías</h3>
    5: 
    6: <% @categorias.each do |categoria| %>
    7: 	<h4><%= categorias %></h4>>
    8: <% end %>
  app/views/public/index.html.erb:7:in `block in _app_views_public_index_html_erb___2478570941026487118_70107272003360'
  app/views/public/index.html.erb:6:in `_app_views_public_index_html_erb___2478570941026487118_70107272003360'


  Rendered /Users/diego/.rvm/gems/ruby-1.9.3-p125/gems/actionpack-4.0.3/lib/action_dispatch/middleware/templates/rescues/_trace.erb (2.3ms)
  Rendered /Users/diego/.rvm/gems/ruby-1.9.3-p125/gems/actionpack-4.0.3/lib/action_dispatch/middleware/templates/rescues/_request_and_response.erb (1.3ms)
  Rendered /Users/diego/.rvm/gems/ruby-1.9.3-p125/gems/actionpack-4.0.3/lib/action_dispatch/middleware/templates/rescues/template_error.erb within rescues/layout (14.0ms)


Started GET "/" for 127.0.0.1 at 2014-03-22 18:26:21 -0300
Processing by PublicController#index as HTML
  [1m[35mCategoria Load (0.3ms)[0m  SELECT "categoria".* FROM "categoria"
  Rendered public/index.html.erb within layouts/application (13.3ms)
Completed 500 Internal Server Error in 16ms

ActionView::Template::Error (undefined local variable or method `categorias' for #<#<Class:0x007f863e1629e0>:0x007f863b573ca8>):
    4: <h3>Categorías</h3>
    5: 
    6: <%= @categorias.each do |categoria| %>
    7: 	<h4><%= categorias %></h4>>
    8: <% end %>
  app/views/public/index.html.erb:7:in `block in _app_views_public_index_html_erb___2478570941026487118_70107247900500'
  app/views/public/index.html.erb:6:in `_app_views_public_index_html_erb___2478570941026487118_70107247900500'


  Rendered /Users/diego/.rvm/gems/ruby-1.9.3-p125/gems/actionpack-4.0.3/lib/action_dispatch/middleware/templates/rescues/_trace.erb (1.9ms)
  Rendered /Users/diego/.rvm/gems/ruby-1.9.3-p125/gems/actionpack-4.0.3/lib/action_dispatch/middleware/templates/rescues/_request_and_response.erb (1.1ms)
  Rendered /Users/diego/.rvm/gems/ruby-1.9.3-p125/gems/actionpack-4.0.3/lib/action_dispatch/middleware/templates/rescues/template_error.erb within rescues/layout (12.4ms)


Started GET "/" for 127.0.0.1 at 2014-03-22 18:26:21 -0300
Processing by PublicController#index as HTML
  [1m[36mCategoria Load (0.2ms)[0m  [1mSELECT "categoria".* FROM "categoria"[0m
  Rendered public/index.html.erb within layouts/application (46.5ms)
Completed 500 Internal Server Error in 50ms

ActionView::Template::Error (undefined local variable or method `categorias' for #<#<Class:0x007f863e1629e0>:0x007f863acbcec0>):
    4: <h3>Categorías</h3>
    5: 
    6: <%= @categorias.each do |categoria| %>
    7: 	<h4><%= categorias %></h4>>
    8: <% end %>
  app/views/public/index.html.erb:7:in `block in _app_views_public_index_html_erb___2478570941026487118_70107247900500'
  app/views/public/index.html.erb:6:in `_app_views_public_index_html_erb___2478570941026487118_70107247900500'


  Rendered /Users/diego/.rvm/gems/ruby-1.9.3-p125/gems/actionpack-4.0.3/lib/action_dispatch/middleware/templates/rescues/_trace.erb (1.5ms)
  Rendered /Users/diego/.rvm/gems/ruby-1.9.3-p125/gems/actionpack-4.0.3/lib/action_dispatch/middleware/templates/rescues/_request_and_response.erb (1.1ms)
  Rendered /Users/diego/.rvm/gems/ruby-1.9.3-p125/gems/actionpack-4.0.3/lib/action_dispatch/middleware/templates/rescues/template_error.erb within rescues/layout (11.4ms)


Started GET "/" for 127.0.0.1 at 2014-03-22 18:26:22 -0300
Processing by PublicController#index as HTML
  [1m[35mCategoria Load (0.2ms)[0m  SELECT "categoria".* FROM "categoria"
  Rendered public/index.html.erb within layouts/application (13.4ms)
Completed 500 Internal Server Error in 17ms

ActionView::Template::Error (undefined local variable or method `categorias' for #<#<Class:0x007f863e1629e0>:0x007f863f4fcd48>):
    4: <h3>Categorías</h3>
    5: 
    6: <%= @categorias.each do |categoria| %>
    7: 	<h4><%= categorias %></h4>>
    8: <% end %>
  app/views/public/index.html.erb:7:in `block in _app_views_public_index_html_erb___2478570941026487118_70107247900500'
  app/views/public/index.html.erb:6:in `_app_views_public_index_html_erb___2478570941026487118_70107247900500'


  Rendered /Users/diego/.rvm/gems/ruby-1.9.3-p125/gems/actionpack-4.0.3/lib/action_dispatch/middleware/templates/rescues/_trace.erb (1.5ms)
  Rendered /Users/diego/.rvm/gems/ruby-1.9.3-p125/gems/actionpack-4.0.3/lib/action_dispatch/middleware/templates/rescues/_request_and_response.erb (1.1ms)
  Rendered /Users/diego/.rvm/gems/ruby-1.9.3-p125/gems/actionpack-4.0.3/lib/action_dispatch/middleware/templates/rescues/template_error.erb within rescues/layout (11.3ms)


Started GET "/" for 127.0.0.1 at 2014-03-22 18:26:30 -0300
Processing by PublicController#index as HTML
  [1m[36mCategoria Load (0.2ms)[0m  [1mSELECT "categoria".* FROM "categoria"[0m
  Rendered public/index.html.erb within layouts/application (12.1ms)
Completed 500 Internal Server Error in 16ms

ActionView::Template::Error (undefined local variable or method `categorias' for #<#<Class:0x007f863e1629e0>:0x007f863e1f7ec8>):
    4: <h3>Categorías</h3>
    5: 
    6: <%= @categorias.each do |categoria| %>
    7: 	<h4><%= categorias %></h4>
    8: <% end %>
  app/views/public/index.html.erb:7:in `block in _app_views_public_index_html_erb___2478570941026487118_70107272291420'
  app/views/public/index.html.erb:6:in `_app_views_public_index_html_erb___2478570941026487118_70107272291420'


  Rendered /Users/diego/.rvm/gems/ruby-1.9.3-p125/gems/actionpack-4.0.3/lib/action_dispatch/middleware/templates/rescues/_trace.erb (1.6ms)
  Rendered /Users/diego/.rvm/gems/ruby-1.9.3-p125/gems/actionpack-4.0.3/lib/action_dispatch/middleware/templates/rescues/_request_and_response.erb (1.2ms)
  Rendered /Users/diego/.rvm/gems/ruby-1.9.3-p125/gems/actionpack-4.0.3/lib/action_dispatch/middleware/templates/rescues/template_error.erb within rescues/layout (12.5ms)


Started GET "/" for 127.0.0.1 at 2014-03-22 18:26:31 -0300
Processing by PublicController#index as HTML
  [1m[35mCategoria Load (0.2ms)[0m  SELECT "categoria".* FROM "categoria"
  Rendered public/index.html.erb within layouts/application (47.0ms)
Completed 500 Internal Server Error in 50ms

ActionView::Template::Error (undefined local variable or method `categorias' for #<#<Class:0x007f863e1629e0>:0x007f863aa53aa8>):
    4: <h3>Categorías</h3>
    5: 
    6: <%= @categorias.each do |categoria| %>
    7: 	<h4><%= categorias %></h4>
    8: <% end %>
  app/views/public/index.html.erb:7:in `block in _app_views_public_index_html_erb___2478570941026487118_70107272291420'
  app/views/public/index.html.erb:6:in `_app_views_public_index_html_erb___2478570941026487118_70107272291420'


  Rendered /Users/diego/.rvm/gems/ruby-1.9.3-p125/gems/actionpack-4.0.3/lib/action_dispatch/middleware/templates/rescues/_trace.erb (1.6ms)
  Rendered /Users/diego/.rvm/gems/ruby-1.9.3-p125/gems/actionpack-4.0.3/lib/action_dispatch/middleware/templates/rescues/_request_and_response.erb (1.1ms)
  Rendered /Users/diego/.rvm/gems/ruby-1.9.3-p125/gems/actionpack-4.0.3/lib/action_dispatch/middleware/templates/rescues/template_error.erb within rescues/layout (11.0ms)


Started GET "/" for 127.0.0.1 at 2014-03-22 18:27:51 -0300
Processing by PublicController#index as HTML
  [1m[36mCategoria Load (0.3ms)[0m  [1mSELECT "categoria".* FROM "categoria"[0m
  Rendered public/index.html.erb within layouts/application (6.3ms)
Completed 200 OK in 1013ms (Views: 1011.6ms | ActiveRecord: 0.3ms)


Started GET "/assets/application.css?body=1" for 127.0.0.1 at 2014-03-22 18:27:52 -0300


Started GET "/assets/jquery_ujs.js?body=1" for 127.0.0.1 at 2014-03-22 18:27:52 -0300


Started GET "/assets/public.css?body=1" for 127.0.0.1 at 2014-03-22 18:27:52 -0300


Started GET "/assets/jquery.js?body=1" for 127.0.0.1 at 2014-03-22 18:27:52 -0300


Started GET "/assets/public.js?body=1" for 127.0.0.1 at 2014-03-22 18:27:52 -0300


Started GET "/assets/application.js?body=1" for 127.0.0.1 at 2014-03-22 18:27:52 -0300


Started GET "/assets/turbolinks.js?body=1" for 127.0.0.1 at 2014-03-22 18:27:52 -0300


Started GET "/" for 127.0.0.1 at 2014-03-22 18:28:01 -0300
Processing by PublicController#index as HTML
  [1m[35mCategoria Load (0.3ms)[0m  SELECT "categoria".* FROM "categoria"
  Rendered public/index.html.erb within layouts/application (3.2ms)
Completed 200 OK in 10ms (Views: 8.4ms | ActiveRecord: 0.3ms)


Started GET "/assets/application.css?body=1" for 127.0.0.1 at 2014-03-22 18:28:02 -0300


Started GET "/assets/jquery.js?body=1" for 127.0.0.1 at 2014-03-22 18:28:02 -0300


Started GET "/assets/public.css?body=1" for 127.0.0.1 at 2014-03-22 18:28:02 -0300


Started GET "/assets/jquery_ujs.js?body=1" for 127.0.0.1 at 2014-03-22 18:28:02 -0300


Started GET "/assets/turbolinks.js?body=1" for 127.0.0.1 at 2014-03-22 18:28:02 -0300


Started GET "/assets/public.js?body=1" for 127.0.0.1 at 2014-03-22 18:28:02 -0300


Started GET "/assets/application.js?body=1" for 127.0.0.1 at 2014-03-22 18:28:02 -0300


Started GET "/" for 127.0.0.1 at 2014-03-22 18:28:03 -0300
Processing by PublicController#index as HTML
  [1m[36mCategoria Load (0.3ms)[0m  [1mSELECT "categoria".* FROM "categoria"[0m
  Rendered public/index.html.erb within layouts/application (2.5ms)
Completed 200 OK in 9ms (Views: 7.1ms | ActiveRecord: 0.3ms)


Started GET "/assets/application.css?body=1" for 127.0.0.1 at 2014-03-22 18:28:03 -0300


Started GET "/assets/public.css?body=1" for 127.0.0.1 at 2014-03-22 18:28:03 -0300


Started GET "/assets/jquery.js?body=1" for 127.0.0.1 at 2014-03-22 18:28:03 -0300


Started GET "/assets/jquery_ujs.js?body=1" for 127.0.0.1 at 2014-03-22 18:28:03 -0300


Started GET "/assets/turbolinks.js?body=1" for 127.0.0.1 at 2014-03-22 18:28:03 -0300


Started GET "/assets/public.js?body=1" for 127.0.0.1 at 2014-03-22 18:28:03 -0300


Started GET "/assets/application.js?body=1" for 127.0.0.1 at 2014-03-22 18:28:03 -0300


Started GET "/" for 127.0.0.1 at 2014-03-22 18:28:11 -0300
Processing by PublicController#index as HTML
  [1m[35mCategoria Load (0.3ms)[0m  SELECT "categoria".* FROM "categoria"
  Rendered public/index.html.erb within layouts/application (3.1ms)
Completed 200 OK in 9ms (Views: 7.9ms | ActiveRecord: 0.3ms)


Started GET "/assets/application.css?body=1" for 127.0.0.1 at 2014-03-22 18:28:11 -0300


Started GET "/assets/jquery.js?body=1" for 127.0.0.1 at 2014-03-22 18:28:11 -0300


Started GET "/assets/jquery_ujs.js?body=1" for 127.0.0.1 at 2014-03-22 18:28:11 -0300


Started GET "/assets/public.css?body=1" for 127.0.0.1 at 2014-03-22 18:28:11 -0300


Started GET "/assets/turbolinks.js?body=1" for 127.0.0.1 at 2014-03-22 18:28:11 -0300


Started GET "/assets/public.js?body=1" for 127.0.0.1 at 2014-03-22 18:28:11 -0300


Started GET "/assets/application.js?body=1" for 127.0.0.1 at 2014-03-22 18:28:11 -0300


Started GET "/" for 127.0.0.1 at 2014-03-22 18:28:30 -0300
Processing by PublicController#index as HTML
  [1m[36mCategoria Load (0.3ms)[0m  [1mSELECT "categoria".* FROM "categoria"[0m
  Rendered public/index.html.erb within layouts/application (3.8ms)
Completed 200 OK in 13ms (Views: 11.3ms | ActiveRecord: 0.3ms)


Started GET "/assets/application.css?body=1" for 127.0.0.1 at 2014-03-22 18:28:30 -0300


Started GET "/assets/public.js?body=1" for 127.0.0.1 at 2014-03-22 18:28:30 -0300


Started GET "/assets/jquery_ujs.js?body=1" for 127.0.0.1 at 2014-03-22 18:28:30 -0300


Started GET "/assets/public.css?body=1" for 127.0.0.1 at 2014-03-22 18:28:30 -0300


Started GET "/assets/jquery.js?body=1" for 127.0.0.1 at 2014-03-22 18:28:30 -0300


Started GET "/assets/turbolinks.js?body=1" for 127.0.0.1 at 2014-03-22 18:28:30 -0300


Started GET "/assets/application.js?body=1" for 127.0.0.1 at 2014-03-22 18:28:30 -0300


Started GET "/" for 127.0.0.1 at 2014-03-22 18:28:47 -0300
Processing by PublicController#index as HTML
  [1m[35mCategoria Load (0.3ms)[0m  SELECT "categoria".* FROM "categoria"
  Rendered public/index.html.erb within layouts/application (3.4ms)
Completed 200 OK in 11ms (Views: 9.1ms | ActiveRecord: 0.3ms)


Started GET "/assets/application.css?body=1" for 127.0.0.1 at 2014-03-22 18:28:47 -0300


Started GET "/assets/public.js?body=1" for 127.0.0.1 at 2014-03-22 18:28:47 -0300


Started GET "/assets/turbolinks.js?body=1" for 127.0.0.1 at 2014-03-22 18:28:47 -0300


Started GET "/assets/public.css?body=1" for 127.0.0.1 at 2014-03-22 18:28:47 -0300


Started GET "/assets/jquery_ujs.js?body=1" for 127.0.0.1 at 2014-03-22 18:28:47 -0300


Started GET "/assets/jquery.js?body=1" for 127.0.0.1 at 2014-03-22 18:28:47 -0300


Started GET "/assets/application.js?body=1" for 127.0.0.1 at 2014-03-22 18:28:47 -0300
